2023-05-10 18:49:58,526 :: INFO :: Start experiment: wifi2023stras4-369366
2023-05-10 18:49:58,530 :: INFO :: Control node : Starting of control node serial interface
2023-05-10 18:49:58,533 :: INFO :: Control node : reset
2023-05-10 18:49:58,536 :: INFO :: Reset Control Node
2023-05-10 18:50:01,389 :: INFO :: Control node : start power of open node
2023-05-10 18:50:01,419 :: INFO :: Node OpenOCD: Setup of openocd node
2023-05-10 18:50:04,434 :: INFO :: Node OpenOCD: flash of openocd node
2023-05-10 18:50:04,439 :: INFO :: Flash firmware on OpenOCD: /tmp/tmp8rjexn4f--b2126b5f5f395b4661a2c94138a4a879_sender.iotlab
2023-05-10 18:50:14,000 :: INFO :: Control node : Start experiment
2023-05-10 18:50:14,074 :: INFO :: Control Node set time delay: 3678 us
2023-05-10 18:50:14,106 :: INFO :: Control node : profile configuration
2023-05-10 18:50:14,114 :: INFO :: Configure profile on Control Node
2023-05-10 18:50:14,176 :: INFO :: Start experiment succeeded
2023-05-10 19:00:18,372 :: INFO :: Gateway Manager : Stop experiment
2023-05-10 19:00:18,377 :: INFO :: Stop experiment
2023-05-10 19:00:18,383 :: INFO :: Control node : stop of the experiment
2023-05-10 19:00:18,388 :: INFO :: Control node : profile configuration
2023-05-10 19:00:18,391 :: INFO :: Configure profile on Control Node
2023-05-10 19:00:18,446 :: INFO :: Control node : start power of open node
2023-05-10 19:00:18,478 :: INFO :: Node OpenOCD: teardown of openocd node
2023-05-10 19:00:21,492 :: INFO :: openocd node debugger stop
2023-05-10 19:00:22,113 :: INFO :: Node OpenOCD: flash of openocd node
2023-05-10 19:00:22,116 :: INFO :: Flash firmware on OpenOCD: /usr/lib/python3.8/site-packages/gateway_code/static/m3_idle.elf
2023-05-10 19:00:24,315 :: INFO :: Control node : Stop control node serial interface
2023-05-10 19:00:24,320 :: INFO :: Control node : stop power of open node
2023-05-10 19:00:24,363 :: INFO :: Control node : reset
2023-05-10 19:00:24,367 :: INFO :: Reset Control Node
2023-05-10 19:00:27,129 :: INFO :: Stop experiment succeeded
