2023-04-29 12:15:38,101 :: INFO :: Start experiment: wifi2023stras4-367649
2023-04-29 12:15:38,105 :: INFO :: Control node : Starting of control node serial interface
2023-04-29 12:15:38,108 :: INFO :: Control node : reset
2023-04-29 12:15:38,111 :: INFO :: Reset Control Node
2023-04-29 12:15:40,912 :: INFO :: Control node : start power of open node
2023-04-29 12:15:40,941 :: INFO :: Node OpenOCD: Setup of openocd node
2023-04-29 12:15:43,955 :: INFO :: Node OpenOCD: flash of openocd node
2023-04-29 12:15:43,961 :: INFO :: Flash firmware on OpenOCD: /tmp/tmpt75vese5--b2126b5f5f395b4661a2c94138a4a879_sender.iotlab
2023-04-29 12:15:53,475 :: INFO :: Control node : Start experiment
2023-04-29 12:15:53,548 :: INFO :: Control Node set time delay: 4730 us
2023-04-29 12:15:53,581 :: INFO :: Control node : profile configuration
2023-04-29 12:15:53,594 :: INFO :: Configure profile on Control Node
2023-04-29 12:15:53,650 :: INFO :: Start experiment succeeded
2023-04-29 12:25:57,786 :: INFO :: Gateway Manager : Stop experiment
2023-04-29 12:25:57,791 :: INFO :: Stop experiment
2023-04-29 12:25:57,795 :: INFO :: Control node : stop of the experiment
2023-04-29 12:25:57,800 :: INFO :: Control node : profile configuration
2023-04-29 12:25:57,803 :: INFO :: Configure profile on Control Node
2023-04-29 12:25:57,855 :: INFO :: Control node : start power of open node
2023-04-29 12:25:57,887 :: INFO :: Node OpenOCD: teardown of openocd node
2023-04-29 12:26:00,902 :: INFO :: openocd node debugger stop
2023-04-29 12:26:01,523 :: INFO :: Node OpenOCD: flash of openocd node
2023-04-29 12:26:01,526 :: INFO :: Flash firmware on OpenOCD: /usr/lib/python3.8/site-packages/gateway_code/static/m3_idle.elf
2023-04-29 12:26:03,682 :: INFO :: Control node : Stop control node serial interface
2023-04-29 12:26:03,687 :: INFO :: Control node : stop power of open node
2023-04-29 12:26:03,742 :: INFO :: Control node : reset
2023-04-29 12:26:03,745 :: INFO :: Reset Control Node
2023-04-29 12:26:06,491 :: INFO :: Stop experiment succeeded
