2023-05-02 15:20:10,571 :: INFO :: Start experiment: wifi2023stras4-367942
2023-05-02 15:20:10,575 :: INFO :: Control node : Starting of control node serial interface
2023-05-02 15:20:10,578 :: INFO :: Control node : reset
2023-05-02 15:20:10,581 :: INFO :: Reset Control Node
2023-05-02 15:20:13,381 :: INFO :: Control node : start power of open node
2023-05-02 15:20:13,397 :: INFO :: Node OpenOCD: Setup of openocd node
2023-05-02 15:20:16,411 :: INFO :: Node OpenOCD: flash of openocd node
2023-05-02 15:20:16,417 :: INFO :: Flash firmware on OpenOCD: /tmp/tmpxl_a9800--edffd8316b6833a39715df846a979215_sender.iotlab
2023-05-02 15:20:25,938 :: INFO :: Control node : Start experiment
2023-05-02 15:20:26,004 :: INFO :: Control Node set time delay: 7385 us
2023-05-02 15:20:26,049 :: INFO :: Control node : profile configuration
2023-05-02 15:20:26,053 :: INFO :: Configure profile on Control Node
2023-05-02 15:20:26,106 :: INFO :: Start experiment succeeded
2023-05-02 15:30:30,468 :: INFO :: Gateway Manager : Stop experiment
2023-05-02 15:30:30,472 :: INFO :: Stop experiment
2023-05-02 15:30:30,476 :: INFO :: Control node : stop of the experiment
2023-05-02 15:30:30,481 :: INFO :: Control node : profile configuration
2023-05-02 15:30:30,484 :: INFO :: Configure profile on Control Node
2023-05-02 15:30:30,538 :: INFO :: Control node : start power of open node
2023-05-02 15:30:30,570 :: INFO :: Node OpenOCD: teardown of openocd node
2023-05-02 15:30:33,584 :: INFO :: openocd node debugger stop
2023-05-02 15:30:34,204 :: INFO :: Node OpenOCD: flash of openocd node
2023-05-02 15:30:34,208 :: INFO :: Flash firmware on OpenOCD: /usr/lib/python3.8/site-packages/gateway_code/static/m3_idle.elf
2023-05-02 15:30:36,424 :: INFO :: Control node : Stop control node serial interface
2023-05-02 15:30:36,429 :: INFO :: Control node : stop power of open node
2023-05-02 15:30:36,471 :: INFO :: Control node : reset
2023-05-02 15:30:36,475 :: INFO :: Reset Control Node
2023-05-02 15:30:39,221 :: INFO :: Stop experiment succeeded
