2023-05-02 15:20:10,763 :: INFO :: Start experiment: wifi2023stras4-367942
2023-05-02 15:20:10,767 :: INFO :: Control node : Starting of control node serial interface
2023-05-02 15:20:10,770 :: INFO :: Control node : reset
2023-05-02 15:20:10,773 :: INFO :: Reset Control Node
2023-05-02 15:20:13,581 :: INFO :: Control node : start power of open node
2023-05-02 15:20:13,603 :: INFO :: Node OpenOCD: Setup of openocd node
2023-05-02 15:20:16,617 :: INFO :: Node OpenOCD: flash of openocd node
2023-05-02 15:20:16,623 :: INFO :: Flash firmware on OpenOCD: /tmp/tmpaz7kfeq5--edffd8316b6833a39715df846a979215_sender.iotlab
2023-05-02 15:20:26,140 :: INFO :: Control node : Start experiment
2023-05-02 15:20:26,210 :: INFO :: Control Node set time delay: 7649 us
2023-05-02 15:20:26,258 :: INFO :: Control node : profile configuration
2023-05-02 15:20:26,261 :: INFO :: Configure profile on Control Node
2023-05-02 15:20:26,317 :: INFO :: Start experiment succeeded
2023-05-02 15:30:30,468 :: INFO :: Gateway Manager : Stop experiment
2023-05-02 15:30:30,473 :: INFO :: Stop experiment
2023-05-02 15:30:30,477 :: INFO :: Control node : stop of the experiment
2023-05-02 15:30:30,481 :: INFO :: Control node : profile configuration
2023-05-02 15:30:30,485 :: INFO :: Configure profile on Control Node
2023-05-02 15:30:30,532 :: INFO :: Control node : start power of open node
2023-05-02 15:30:30,564 :: INFO :: Node OpenOCD: teardown of openocd node
2023-05-02 15:30:33,578 :: INFO :: openocd node debugger stop
2023-05-02 15:30:34,198 :: INFO :: Node OpenOCD: flash of openocd node
2023-05-02 15:30:34,202 :: INFO :: Flash firmware on OpenOCD: /usr/lib/python3.8/site-packages/gateway_code/static/m3_idle.elf
2023-05-02 15:30:36,375 :: INFO :: Control node : Stop control node serial interface
2023-05-02 15:30:36,380 :: INFO :: Control node : stop power of open node
2023-05-02 15:30:36,434 :: INFO :: Control node : reset
2023-05-02 15:30:36,438 :: INFO :: Reset Control Node
2023-05-02 15:30:39,187 :: INFO :: Stop experiment succeeded
