2023-05-02 15:20:11,411 :: INFO :: Start experiment: wifi2023stras4-367943
2023-05-02 15:20:11,416 :: INFO :: Control node : Starting of control node serial interface
2023-05-02 15:20:11,420 :: INFO :: Control node : reset
2023-05-02 15:20:11,423 :: INFO :: Reset Control Node
2023-05-02 15:20:14,237 :: INFO :: Control node : start power of open node
2023-05-02 15:20:14,254 :: INFO :: Node OpenOCD: Setup of openocd node
2023-05-02 15:20:17,268 :: INFO :: Node OpenOCD: flash of openocd node
2023-05-02 15:20:17,274 :: INFO :: Flash firmware on OpenOCD: /tmp/tmpijd8bz3g--edffd8316b6833a39715df846a979215_sender.iotlab
2023-05-02 15:20:26,788 :: INFO :: Control node : Start experiment
2023-05-02 15:20:26,861 :: INFO :: Control Node set time delay: 7722 us
2023-05-02 15:20:26,889 :: INFO :: Control node : profile configuration
2023-05-02 15:20:26,892 :: INFO :: Configure profile on Control Node
2023-05-02 15:20:26,967 :: INFO :: Start experiment succeeded
2023-05-02 15:30:31,230 :: INFO :: Gateway Manager : Stop experiment
2023-05-02 15:30:31,234 :: INFO :: Stop experiment
2023-05-02 15:30:31,238 :: INFO :: Control node : stop of the experiment
2023-05-02 15:30:31,243 :: INFO :: Control node : profile configuration
2023-05-02 15:30:31,246 :: INFO :: Configure profile on Control Node
2023-05-02 15:30:31,295 :: INFO :: Control node : start power of open node
2023-05-02 15:30:31,327 :: INFO :: Node OpenOCD: teardown of openocd node
2023-05-02 15:30:34,341 :: INFO :: openocd node debugger stop
2023-05-02 15:30:34,962 :: INFO :: Node OpenOCD: flash of openocd node
2023-05-02 15:30:34,965 :: INFO :: Flash firmware on OpenOCD: /usr/lib/python3.8/site-packages/gateway_code/static/m3_idle.elf
2023-05-02 15:30:37,113 :: INFO :: Control node : Stop control node serial interface
2023-05-02 15:30:37,118 :: INFO :: Control node : stop power of open node
2023-05-02 15:30:37,165 :: INFO :: Control node : reset
2023-05-02 15:30:37,169 :: INFO :: Reset Control Node
2023-05-02 15:30:39,918 :: INFO :: Stop experiment succeeded
