2023-05-10 18:49:58,530 :: INFO :: Start experiment: wifi2023stras4-369366
2023-05-10 18:49:58,535 :: INFO :: Control node : Starting of control node serial interface
2023-05-10 18:49:58,539 :: INFO :: Control node : reset
2023-05-10 18:49:58,542 :: INFO :: Reset Control Node
2023-05-10 18:50:01,400 :: INFO :: Control node : start power of open node
2023-05-10 18:50:01,415 :: INFO :: Node OpenOCD: Setup of openocd node
2023-05-10 18:50:04,430 :: INFO :: Node OpenOCD: flash of openocd node
2023-05-10 18:50:04,435 :: INFO :: Flash firmware on OpenOCD: /tmp/tmp73806rio--b2126b5f5f395b4661a2c94138a4a879_sender.iotlab
2023-05-10 18:50:13,950 :: INFO :: Control node : Start experiment
2023-05-10 18:50:14,022 :: INFO :: Control Node set time delay: 7528 us
2023-05-10 18:50:14,070 :: INFO :: Control node : profile configuration
2023-05-10 18:50:14,074 :: INFO :: Configure profile on Control Node
2023-05-10 18:50:14,124 :: INFO :: Start experiment succeeded
2023-05-10 19:00:18,371 :: INFO :: Gateway Manager : Stop experiment
2023-05-10 19:00:18,378 :: INFO :: Stop experiment
2023-05-10 19:00:18,382 :: INFO :: Control node : stop of the experiment
2023-05-10 19:00:18,387 :: INFO :: Control node : profile configuration
2023-05-10 19:00:18,390 :: INFO :: Configure profile on Control Node
2023-05-10 19:00:18,445 :: INFO :: Control node : start power of open node
2023-05-10 19:00:18,477 :: INFO :: Node OpenOCD: teardown of openocd node
2023-05-10 19:00:21,491 :: INFO :: openocd node debugger stop
2023-05-10 19:00:22,112 :: INFO :: Node OpenOCD: flash of openocd node
2023-05-10 19:00:22,115 :: INFO :: Flash firmware on OpenOCD: /usr/lib/python3.8/site-packages/gateway_code/static/m3_idle.elf
2023-05-10 19:00:24,315 :: INFO :: Control node : Stop control node serial interface
2023-05-10 19:00:24,319 :: INFO :: Control node : stop power of open node
2023-05-10 19:00:24,362 :: INFO :: Control node : reset
2023-05-10 19:00:24,366 :: INFO :: Reset Control Node
2023-05-10 19:00:27,133 :: INFO :: Stop experiment succeeded
