2023-05-10 18:49:58,520 :: INFO :: Start experiment: wifi2023stras4-369366
2023-05-10 18:49:58,524 :: INFO :: Control node : Starting of control node serial interface
2023-05-10 18:49:58,527 :: INFO :: Control node : reset
2023-05-10 18:49:58,530 :: INFO :: Reset Control Node
2023-05-10 18:50:01,331 :: INFO :: Control node : start power of open node
2023-05-10 18:50:01,345 :: INFO :: Node OpenOCD: Setup of openocd node
2023-05-10 18:50:04,360 :: INFO :: Node OpenOCD: flash of openocd node
2023-05-10 18:50:04,365 :: INFO :: Flash firmware on OpenOCD: /tmp/tmpk_7ga6ez--95385f11db0bc3ca0fae294340738cdb_coordinator.iotlab
2023-05-10 18:50:13,884 :: INFO :: Control node : Start experiment
2023-05-10 18:50:13,952 :: INFO :: Control Node set time delay: 7832 us
2023-05-10 18:50:13,985 :: INFO :: Control node : profile configuration
2023-05-10 18:50:13,988 :: INFO :: Configure profile on Control Node
2023-05-10 18:50:14,054 :: INFO :: Start experiment succeeded
2023-05-10 19:00:18,372 :: INFO :: Gateway Manager : Stop experiment
2023-05-10 19:00:18,377 :: INFO :: Stop experiment
2023-05-10 19:00:18,380 :: INFO :: Control node : stop of the experiment
2023-05-10 19:00:18,385 :: INFO :: Control node : profile configuration
2023-05-10 19:00:18,388 :: INFO :: Configure profile on Control Node
2023-05-10 19:00:18,438 :: INFO :: Control node : start power of open node
2023-05-10 19:00:18,467 :: INFO :: Node OpenOCD: teardown of openocd node
2023-05-10 19:00:21,481 :: INFO :: openocd node debugger stop
2023-05-10 19:00:22,102 :: INFO :: Node OpenOCD: flash of openocd node
2023-05-10 19:00:22,105 :: INFO :: Flash firmware on OpenOCD: /usr/lib/python3.8/site-packages/gateway_code/static/m3_idle.elf
2023-05-10 19:00:24,306 :: INFO :: Control node : Stop control node serial interface
2023-05-10 19:00:24,310 :: INFO :: Control node : stop power of open node
2023-05-10 19:00:24,367 :: INFO :: Control node : reset
2023-05-10 19:00:24,371 :: INFO :: Reset Control Node
2023-05-10 19:00:27,141 :: INFO :: Stop experiment succeeded
