2023-05-02 15:20:11,415 :: INFO :: Start experiment: wifi2023stras4-367943
2023-05-02 15:20:11,420 :: INFO :: Control node : Starting of control node serial interface
2023-05-02 15:20:11,423 :: INFO :: Control node : reset
2023-05-02 15:20:11,426 :: INFO :: Reset Control Node
2023-05-02 15:20:14,238 :: INFO :: Control node : start power of open node
2023-05-02 15:20:14,252 :: INFO :: Node OpenOCD: Setup of openocd node
2023-05-02 15:20:17,266 :: INFO :: Node OpenOCD: flash of openocd node
2023-05-02 15:20:17,271 :: INFO :: Flash firmware on OpenOCD: /tmp/tmpk2r4lafm--edffd8316b6833a39715df846a979215_sender.iotlab
2023-05-02 15:20:26,785 :: INFO :: Control node : Start experiment
2023-05-02 15:20:26,859 :: INFO :: Control Node set time delay: 6138 us
2023-05-02 15:20:26,892 :: INFO :: Control node : profile configuration
2023-05-02 15:20:26,898 :: INFO :: Configure profile on Control Node
2023-05-02 15:20:26,961 :: INFO :: Start experiment succeeded
2023-05-02 15:30:31,226 :: INFO :: Gateway Manager : Stop experiment
2023-05-02 15:30:31,231 :: INFO :: Stop experiment
2023-05-02 15:30:31,235 :: INFO :: Control node : stop of the experiment
2023-05-02 15:30:31,240 :: INFO :: Control node : profile configuration
2023-05-02 15:30:31,243 :: INFO :: Configure profile on Control Node
2023-05-02 15:30:31,298 :: INFO :: Control node : start power of open node
2023-05-02 15:30:31,330 :: INFO :: Node OpenOCD: teardown of openocd node
2023-05-02 15:30:34,344 :: INFO :: openocd node debugger stop
2023-05-02 15:30:34,964 :: INFO :: Node OpenOCD: flash of openocd node
2023-05-02 15:30:34,967 :: INFO :: Flash firmware on OpenOCD: /usr/lib/python3.8/site-packages/gateway_code/static/m3_idle.elf
2023-05-02 15:30:37,115 :: INFO :: Control node : Stop control node serial interface
2023-05-02 15:30:37,120 :: INFO :: Control node : stop power of open node
2023-05-02 15:30:37,167 :: INFO :: Control node : reset
2023-05-02 15:30:37,170 :: INFO :: Reset Control Node
2023-05-02 15:30:39,919 :: INFO :: Stop experiment succeeded
