2023-05-02 15:20:11,401 :: INFO :: Start experiment: wifi2023stras4-367943
2023-05-02 15:20:11,405 :: INFO :: Control node : Starting of control node serial interface
2023-05-02 15:20:11,408 :: INFO :: Control node : reset
2023-05-02 15:20:11,411 :: INFO :: Reset Control Node
2023-05-02 15:20:14,210 :: INFO :: Control node : start power of open node
2023-05-02 15:20:14,226 :: INFO :: Node OpenOCD: Setup of openocd node
2023-05-02 15:20:17,240 :: INFO :: Node OpenOCD: flash of openocd node
2023-05-02 15:20:17,245 :: INFO :: Flash firmware on OpenOCD: /tmp/tmp7xg1607y--edffd8316b6833a39715df846a979215_sender.iotlab
2023-05-02 15:20:26,760 :: INFO :: Control node : Start experiment
2023-05-02 15:20:26,835 :: INFO :: Control Node set time delay: 4992 us
2023-05-02 15:20:26,881 :: INFO :: Control node : profile configuration
2023-05-02 15:20:26,884 :: INFO :: Configure profile on Control Node
2023-05-02 15:20:26,934 :: INFO :: Start experiment succeeded
2023-05-02 15:30:31,229 :: INFO :: Gateway Manager : Stop experiment
2023-05-02 15:30:31,234 :: INFO :: Stop experiment
2023-05-02 15:30:31,238 :: INFO :: Control node : stop of the experiment
2023-05-02 15:30:31,242 :: INFO :: Control node : profile configuration
2023-05-02 15:30:31,246 :: INFO :: Configure profile on Control Node
2023-05-02 15:30:31,300 :: INFO :: Control node : start power of open node
2023-05-02 15:30:31,331 :: INFO :: Node OpenOCD: teardown of openocd node
2023-05-02 15:30:34,345 :: INFO :: openocd node debugger stop
2023-05-02 15:30:34,966 :: INFO :: Node OpenOCD: flash of openocd node
2023-05-02 15:30:34,970 :: INFO :: Flash firmware on OpenOCD: /usr/lib/python3.8/site-packages/gateway_code/static/m3_idle.elf
2023-05-02 15:30:37,117 :: INFO :: Control node : Stop control node serial interface
2023-05-02 15:30:37,122 :: INFO :: Control node : stop power of open node
2023-05-02 15:30:37,169 :: INFO :: Control node : reset
2023-05-02 15:30:37,173 :: INFO :: Reset Control Node
2023-05-02 15:30:39,916 :: INFO :: Stop experiment succeeded
