2023-05-02 15:20:11,420 :: INFO :: Start experiment: wifi2023stras4-367943
2023-05-02 15:20:11,424 :: INFO :: Control node : Starting of control node serial interface
2023-05-02 15:20:11,427 :: INFO :: Control node : reset
2023-05-02 15:20:11,430 :: INFO :: Reset Control Node
2023-05-02 15:20:14,248 :: INFO :: Control node : start power of open node
2023-05-02 15:20:14,277 :: INFO :: Node OpenOCD: Setup of openocd node
2023-05-02 15:20:17,290 :: INFO :: Node OpenOCD: flash of openocd node
2023-05-02 15:20:17,296 :: INFO :: Flash firmware on OpenOCD: /tmp/tmpagvin3qq--edffd8316b6833a39715df846a979215_sender.iotlab
2023-05-02 15:20:26,757 :: INFO :: Control node : Start experiment
2023-05-02 15:20:26,835 :: INFO :: Control Node set time delay: 7901 us
2023-05-02 15:20:26,868 :: INFO :: Control node : profile configuration
2023-05-02 15:20:26,871 :: INFO :: Configure profile on Control Node
2023-05-02 15:20:26,942 :: INFO :: Start experiment succeeded
2023-05-02 15:30:31,230 :: INFO :: Gateway Manager : Stop experiment
2023-05-02 15:30:31,234 :: INFO :: Stop experiment
2023-05-02 15:30:31,238 :: INFO :: Control node : stop of the experiment
2023-05-02 15:30:31,243 :: INFO :: Control node : profile configuration
2023-05-02 15:30:31,246 :: INFO :: Configure profile on Control Node
2023-05-02 15:30:31,304 :: INFO :: Control node : start power of open node
2023-05-02 15:30:31,336 :: INFO :: Node OpenOCD: teardown of openocd node
2023-05-02 15:30:34,350 :: INFO :: openocd node debugger stop
2023-05-02 15:30:34,971 :: INFO :: Node OpenOCD: flash of openocd node
2023-05-02 15:30:34,974 :: INFO :: Flash firmware on OpenOCD: /usr/lib/python3.8/site-packages/gateway_code/static/m3_idle.elf
2023-05-02 15:30:37,121 :: INFO :: Control node : Stop control node serial interface
2023-05-02 15:30:37,126 :: INFO :: Control node : stop power of open node
2023-05-02 15:30:37,175 :: INFO :: Control node : reset
2023-05-02 15:30:37,179 :: INFO :: Reset Control Node
2023-05-02 15:30:39,924 :: INFO :: Stop experiment succeeded
