2023-05-02 15:20:11,419 :: INFO :: Start experiment: wifi2023stras4-367943
2023-05-02 15:20:11,425 :: INFO :: Control node : Starting of control node serial interface
2023-05-02 15:20:11,428 :: INFO :: Control node : reset
2023-05-02 15:20:11,431 :: INFO :: Reset Control Node
2023-05-02 15:20:14,302 :: INFO :: Control node : start power of open node
2023-05-02 15:20:14,328 :: INFO :: Node OpenOCD: Setup of openocd node
2023-05-02 15:20:17,347 :: INFO :: Node OpenOCD: flash of openocd node
2023-05-02 15:20:17,352 :: INFO :: Flash firmware on OpenOCD: /tmp/tmphi8umw91--edffd8316b6833a39715df846a979215_sender.iotlab
2023-05-02 15:20:26,872 :: INFO :: Control node : Start experiment
2023-05-02 15:20:26,951 :: INFO :: Control Node set time delay: 7156 us
2023-05-02 15:20:26,983 :: INFO :: Control node : profile configuration
2023-05-02 15:20:26,986 :: INFO :: Configure profile on Control Node
2023-05-02 15:20:27,052 :: INFO :: Start experiment succeeded
2023-05-02 15:30:31,229 :: INFO :: Gateway Manager : Stop experiment
2023-05-02 15:30:31,234 :: INFO :: Stop experiment
2023-05-02 15:30:31,238 :: INFO :: Control node : stop of the experiment
2023-05-02 15:30:31,243 :: INFO :: Control node : profile configuration
2023-05-02 15:30:31,246 :: INFO :: Configure profile on Control Node
2023-05-02 15:30:31,291 :: INFO :: Control node : start power of open node
2023-05-02 15:30:31,323 :: INFO :: Node OpenOCD: teardown of openocd node
2023-05-02 15:30:34,338 :: INFO :: openocd node debugger stop
2023-05-02 15:30:34,959 :: INFO :: Node OpenOCD: flash of openocd node
2023-05-02 15:30:34,962 :: INFO :: Flash firmware on OpenOCD: /usr/lib/python3.8/site-packages/gateway_code/static/m3_idle.elf
2023-05-02 15:30:37,111 :: INFO :: Control node : Stop control node serial interface
2023-05-02 15:30:37,115 :: INFO :: Control node : stop power of open node
2023-05-02 15:30:37,160 :: INFO :: Control node : reset
2023-05-02 15:30:37,163 :: INFO :: Reset Control Node
2023-05-02 15:30:39,908 :: INFO :: Stop experiment succeeded
