2023-05-10 18:49:58,513 :: INFO :: Start experiment: wifi2023stras4-369366
2023-05-10 18:49:58,517 :: INFO :: Control node : Starting of control node serial interface
2023-05-10 18:49:58,521 :: INFO :: Control node : reset
2023-05-10 18:49:58,529 :: INFO :: Reset Control Node
2023-05-10 18:50:01,340 :: INFO :: Control node : start power of open node
2023-05-10 18:50:01,369 :: INFO :: Node OpenOCD: Setup of openocd node
2023-05-10 18:50:04,384 :: INFO :: Node OpenOCD: flash of openocd node
2023-05-10 18:50:04,389 :: INFO :: Flash firmware on OpenOCD: /tmp/tmp2tr134iq--b2126b5f5f395b4661a2c94138a4a879_sender.iotlab
2023-05-10 18:50:13,902 :: INFO :: Control node : Start experiment
2023-05-10 18:50:13,976 :: INFO :: Control Node set time delay: 7703 us
2023-05-10 18:50:14,008 :: INFO :: Control node : profile configuration
2023-05-10 18:50:14,012 :: INFO :: Configure profile on Control Node
2023-05-10 18:50:14,078 :: INFO :: Start experiment succeeded
2023-05-10 19:00:18,371 :: INFO :: Gateway Manager : Stop experiment
2023-05-10 19:00:18,378 :: INFO :: Stop experiment
2023-05-10 19:00:18,382 :: INFO :: Control node : stop of the experiment
2023-05-10 19:00:18,387 :: INFO :: Control node : profile configuration
2023-05-10 19:00:18,390 :: INFO :: Configure profile on Control Node
2023-05-10 19:00:18,443 :: INFO :: Control node : start power of open node
2023-05-10 19:00:18,475 :: INFO :: Node OpenOCD: teardown of openocd node
2023-05-10 19:00:21,489 :: INFO :: openocd node debugger stop
2023-05-10 19:00:22,109 :: INFO :: Node OpenOCD: flash of openocd node
2023-05-10 19:00:22,113 :: INFO :: Flash firmware on OpenOCD: /usr/lib/python3.8/site-packages/gateway_code/static/m3_idle.elf
2023-05-10 19:00:24,362 :: INFO :: Control node : Stop control node serial interface
2023-05-10 19:00:24,366 :: INFO :: Control node : stop power of open node
2023-05-10 19:00:24,410 :: INFO :: Control node : reset
2023-05-10 19:00:24,414 :: INFO :: Reset Control Node
2023-05-10 19:00:27,156 :: INFO :: Stop experiment succeeded
