2023-05-10 18:49:58,526 :: INFO :: Start experiment: wifi2023stras4-369366
2023-05-10 18:49:58,530 :: INFO :: Control node : Starting of control node serial interface
2023-05-10 18:49:58,535 :: INFO :: Control node : reset
2023-05-10 18:49:58,538 :: INFO :: Reset Control Node
2023-05-10 18:50:01,337 :: INFO :: Control node : start power of open node
2023-05-10 18:50:01,376 :: INFO :: Node OpenOCD: Setup of openocd node
2023-05-10 18:50:04,391 :: INFO :: Node OpenOCD: flash of openocd node
2023-05-10 18:50:04,397 :: INFO :: Flash firmware on OpenOCD: /tmp/tmpz4ttydjo--b2126b5f5f395b4661a2c94138a4a879_sender.iotlab
2023-05-10 18:50:13,858 :: INFO :: Control node : Start experiment
2023-05-10 18:50:13,941 :: INFO :: Control Node set time delay: 12751 us
2023-05-10 18:50:13,974 :: INFO :: Control node : profile configuration
2023-05-10 18:50:13,977 :: INFO :: Configure profile on Control Node
2023-05-10 18:50:14,027 :: INFO :: Start experiment succeeded
2023-05-10 19:00:18,370 :: INFO :: Gateway Manager : Stop experiment
2023-05-10 19:00:18,377 :: INFO :: Stop experiment
2023-05-10 19:00:18,381 :: INFO :: Control node : stop of the experiment
2023-05-10 19:00:18,385 :: INFO :: Control node : profile configuration
2023-05-10 19:00:18,389 :: INFO :: Configure profile on Control Node
2023-05-10 19:00:18,441 :: INFO :: Control node : start power of open node
2023-05-10 19:00:18,472 :: INFO :: Node OpenOCD: teardown of openocd node
2023-05-10 19:00:21,485 :: INFO :: openocd node debugger stop
2023-05-10 19:00:22,106 :: INFO :: Node OpenOCD: flash of openocd node
2023-05-10 19:00:22,109 :: INFO :: Flash firmware on OpenOCD: /usr/lib/python3.8/site-packages/gateway_code/static/m3_idle.elf
2023-05-10 19:00:24,307 :: INFO :: Control node : Stop control node serial interface
2023-05-10 19:00:24,311 :: INFO :: Control node : stop power of open node
2023-05-10 19:00:24,357 :: INFO :: Control node : reset
2023-05-10 19:00:24,361 :: INFO :: Reset Control Node
2023-05-10 19:00:27,140 :: INFO :: Stop experiment succeeded
