2023-05-10 18:49:58,524 :: INFO :: Start experiment: wifi2023stras4-369366
2023-05-10 18:49:58,527 :: INFO :: Control node : Starting of control node serial interface
2023-05-10 18:49:58,530 :: INFO :: Control node : reset
2023-05-10 18:49:58,535 :: INFO :: Reset Control Node
2023-05-10 18:50:01,334 :: INFO :: Control node : start power of open node
2023-05-10 18:50:01,349 :: INFO :: Node OpenOCD: Setup of openocd node
2023-05-10 18:50:04,364 :: INFO :: Node OpenOCD: flash of openocd node
2023-05-10 18:50:04,370 :: INFO :: Flash firmware on OpenOCD: /tmp/tmpqrkht5wj--b2126b5f5f395b4661a2c94138a4a879_sender.iotlab
2023-05-10 18:50:13,885 :: INFO :: Control node : Start experiment
2023-05-10 18:50:13,959 :: INFO :: Control Node set time delay: 3035 us
2023-05-10 18:50:13,989 :: INFO :: Control node : profile configuration
2023-05-10 18:50:13,999 :: INFO :: Configure profile on Control Node
2023-05-10 18:50:14,058 :: INFO :: Start experiment succeeded
2023-05-10 19:00:18,376 :: INFO :: Gateway Manager : Stop experiment
2023-05-10 19:00:18,380 :: INFO :: Stop experiment
2023-05-10 19:00:18,384 :: INFO :: Control node : stop of the experiment
2023-05-10 19:00:18,389 :: INFO :: Control node : profile configuration
2023-05-10 19:00:18,393 :: INFO :: Configure profile on Control Node
2023-05-10 19:00:18,442 :: INFO :: Control node : start power of open node
2023-05-10 19:00:18,471 :: INFO :: Node OpenOCD: teardown of openocd node
2023-05-10 19:00:21,485 :: INFO :: openocd node debugger stop
2023-05-10 19:00:22,106 :: INFO :: Node OpenOCD: flash of openocd node
2023-05-10 19:00:22,109 :: INFO :: Flash firmware on OpenOCD: /usr/lib/python3.8/site-packages/gateway_code/static/m3_idle.elf
2023-05-10 19:00:24,308 :: INFO :: Control node : Stop control node serial interface
2023-05-10 19:00:24,313 :: INFO :: Control node : stop power of open node
2023-05-10 19:00:24,357 :: INFO :: Control node : reset
2023-05-10 19:00:24,360 :: INFO :: Reset Control Node
2023-05-10 19:00:27,139 :: INFO :: Stop experiment succeeded
