2023-05-10 18:36:52,790 :: INFO :: Start experiment: wifi2023stras4-369360
2023-05-10 18:36:52,794 :: INFO :: Control node : Starting of control node serial interface
2023-05-10 18:36:52,799 :: INFO :: Control node : reset
2023-05-10 18:36:52,802 :: INFO :: Reset Control Node
2023-05-10 18:36:55,599 :: INFO :: Control node : start power of open node
2023-05-10 18:36:55,615 :: INFO :: Node OpenOCD: Setup of openocd node
2023-05-10 18:36:58,629 :: INFO :: Node OpenOCD: flash of openocd node
2023-05-10 18:36:58,635 :: INFO :: Flash firmware on OpenOCD: /tmp/tmptcpjwu21--b2126b5f5f395b4661a2c94138a4a879_sender.iotlab
2023-05-10 18:37:08,097 :: INFO :: Control node : Start experiment
2023-05-10 18:37:08,174 :: INFO :: Control Node set time delay: 16689 us
2023-05-10 18:37:08,222 :: INFO :: Control node : profile configuration
2023-05-10 18:37:08,225 :: INFO :: Configure profile on Control Node
2023-05-10 18:37:08,276 :: INFO :: Start experiment succeeded
2023-05-10 18:47:12,555 :: INFO :: Gateway Manager : Stop experiment
2023-05-10 18:47:12,560 :: INFO :: Stop experiment
2023-05-10 18:47:12,564 :: INFO :: Control node : stop of the experiment
2023-05-10 18:47:12,569 :: INFO :: Control node : profile configuration
2023-05-10 18:47:12,574 :: INFO :: Configure profile on Control Node
2023-05-10 18:47:12,626 :: INFO :: Control node : start power of open node
2023-05-10 18:47:12,657 :: INFO :: Node OpenOCD: teardown of openocd node
2023-05-10 18:47:15,671 :: INFO :: openocd node debugger stop
2023-05-10 18:47:16,291 :: INFO :: Node OpenOCD: flash of openocd node
2023-05-10 18:47:16,294 :: INFO :: Flash firmware on OpenOCD: /usr/lib/python3.8/site-packages/gateway_code/static/m3_idle.elf
