2023-05-10 18:49:57,757 :: INFO :: Start experiment: wifi2023stras4-369365
2023-05-10 18:49:57,761 :: INFO :: Control node : Starting of control node serial interface
2023-05-10 18:49:57,764 :: INFO :: Control node : reset
2023-05-10 18:49:57,767 :: INFO :: Reset Control Node
2023-05-10 18:50:00,575 :: INFO :: Control node : start power of open node
2023-05-10 18:50:00,590 :: INFO :: Node OpenOCD: Setup of openocd node
2023-05-10 18:50:03,605 :: INFO :: Node OpenOCD: flash of openocd node
2023-05-10 18:50:03,610 :: INFO :: Flash firmware on OpenOCD: /tmp/tmp8_uhtnum--95385f11db0bc3ca0fae294340738cdb_coordinator.iotlab
2023-05-10 18:50:13,128 :: INFO :: Control node : Start experiment
2023-05-10 18:50:13,213 :: INFO :: Control Node set time delay: 14152 us
2023-05-10 18:50:13,246 :: INFO :: Control node : profile configuration
2023-05-10 18:50:13,249 :: INFO :: Configure profile on Control Node
2023-05-10 18:50:13,315 :: INFO :: Start experiment succeeded
2023-05-10 19:00:17,484 :: INFO :: Gateway Manager : Stop experiment
2023-05-10 19:00:17,489 :: INFO :: Stop experiment
2023-05-10 19:00:17,493 :: INFO :: Control node : stop of the experiment
2023-05-10 19:00:17,498 :: INFO :: Control node : profile configuration
2023-05-10 19:00:17,501 :: INFO :: Configure profile on Control Node
2023-05-10 19:00:17,560 :: INFO :: Control node : start power of open node
2023-05-10 19:00:17,591 :: INFO :: Node OpenOCD: teardown of openocd node
2023-05-10 19:00:20,605 :: INFO :: openocd node debugger stop
2023-05-10 19:00:21,226 :: INFO :: Node OpenOCD: flash of openocd node
2023-05-10 19:00:21,229 :: INFO :: Flash firmware on OpenOCD: /usr/lib/python3.8/site-packages/gateway_code/static/m3_idle.elf
2023-05-10 19:00:23,433 :: INFO :: Control node : Stop control node serial interface
2023-05-10 19:00:23,438 :: INFO :: Control node : stop power of open node
2023-05-10 19:00:23,485 :: INFO :: Control node : reset
2023-05-10 19:00:23,490 :: INFO :: Reset Control Node
