2023-05-02 15:20:11,393 :: INFO :: Start experiment: wifi2023stras4-367943
2023-05-02 15:20:11,396 :: INFO :: Control node : Starting of control node serial interface
2023-05-02 15:20:11,400 :: INFO :: Control node : reset
2023-05-02 15:20:11,403 :: INFO :: Reset Control Node
2023-05-02 15:20:14,199 :: INFO :: Control node : start power of open node
2023-05-02 15:20:14,223 :: INFO :: Node OpenOCD: Setup of openocd node
2023-05-02 15:20:17,237 :: INFO :: Node OpenOCD: flash of openocd node
2023-05-02 15:20:17,243 :: INFO :: Flash firmware on OpenOCD: /tmp/tmp98_vfbv2--edffd8316b6833a39715df846a979215_sender.iotlab
2023-05-02 15:20:26,759 :: INFO :: Control node : Start experiment
2023-05-02 15:20:26,834 :: INFO :: Control Node set time delay: 8075 us
2023-05-02 15:20:26,862 :: INFO :: Control node : profile configuration
2023-05-02 15:20:26,865 :: INFO :: Configure profile on Control Node
2023-05-02 15:20:26,931 :: INFO :: Start experiment succeeded
2023-05-02 15:30:31,227 :: INFO :: Gateway Manager : Stop experiment
2023-05-02 15:30:31,231 :: INFO :: Stop experiment
2023-05-02 15:30:31,236 :: INFO :: Control node : stop of the experiment
2023-05-02 15:30:31,240 :: INFO :: Control node : profile configuration
2023-05-02 15:30:31,243 :: INFO :: Configure profile on Control Node
2023-05-02 15:30:31,301 :: INFO :: Control node : start power of open node
2023-05-02 15:30:31,333 :: INFO :: Node OpenOCD: teardown of openocd node
2023-05-02 15:30:34,347 :: INFO :: openocd node debugger stop
2023-05-02 15:30:34,967 :: INFO :: Node OpenOCD: flash of openocd node
2023-05-02 15:30:34,971 :: INFO :: Flash firmware on OpenOCD: /usr/lib/python3.8/site-packages/gateway_code/static/m3_idle.elf
2023-05-02 15:30:37,118 :: INFO :: Control node : Stop control node serial interface
2023-05-02 15:30:37,123 :: INFO :: Control node : stop power of open node
2023-05-02 15:30:37,170 :: INFO :: Control node : reset
2023-05-02 15:30:37,174 :: INFO :: Reset Control Node
2023-05-02 15:30:39,922 :: INFO :: Stop experiment succeeded
