2023-05-10 18:49:57,763 :: INFO :: Start experiment: wifi2023stras4-369365
2023-05-10 18:49:57,767 :: INFO :: Control node : Starting of control node serial interface
2023-05-10 18:49:57,770 :: INFO :: Control node : reset
2023-05-10 18:49:57,773 :: INFO :: Reset Control Node
2023-05-10 18:50:00,578 :: INFO :: Control node : start power of open node
2023-05-10 18:50:00,601 :: INFO :: Node OpenOCD: Setup of openocd node
2023-05-10 18:50:03,617 :: INFO :: Node OpenOCD: flash of openocd node
2023-05-10 18:50:03,623 :: INFO :: Flash firmware on OpenOCD: /tmp/tmp2_kas0i5--b2126b5f5f395b4661a2c94138a4a879_sender.iotlab
2023-05-10 18:50:13,139 :: INFO :: Control node : Start experiment
2023-05-10 18:50:13,236 :: INFO :: Control Node set time delay: 14473 us
2023-05-10 18:50:13,256 :: INFO :: Control node : profile configuration
2023-05-10 18:50:13,259 :: INFO :: Configure profile on Control Node
2023-05-10 18:50:13,310 :: INFO :: Start experiment succeeded
2023-05-10 19:00:17,482 :: INFO :: Gateway Manager : Stop experiment
2023-05-10 19:00:17,487 :: INFO :: Stop experiment
2023-05-10 19:00:17,491 :: INFO :: Control node : stop of the experiment
2023-05-10 19:00:17,496 :: INFO :: Control node : profile configuration
2023-05-10 19:00:17,499 :: INFO :: Configure profile on Control Node
2023-05-10 19:00:17,553 :: INFO :: Control node : start power of open node
2023-05-10 19:00:17,583 :: INFO :: Node OpenOCD: teardown of openocd node
2023-05-10 19:00:20,597 :: INFO :: openocd node debugger stop
2023-05-10 19:00:21,217 :: INFO :: Node OpenOCD: flash of openocd node
2023-05-10 19:00:21,220 :: INFO :: Flash firmware on OpenOCD: /usr/lib/python3.8/site-packages/gateway_code/static/m3_idle.elf
2023-05-10 19:00:23,428 :: INFO :: Control node : Stop control node serial interface
2023-05-10 19:00:23,432 :: INFO :: Control node : stop power of open node
2023-05-10 19:00:23,485 :: INFO :: Control node : reset
2023-05-10 19:00:23,488 :: INFO :: Reset Control Node
